<?xml version="1.0" encoding="UTF-8"?>
<testsuite xmlns:xsi="http://www.w3.org/2001/XMLSchema-instance" xsi:noNamespaceSchemaLocation="https://maven.apache.org/surefire/maven-surefire-plugin/xsd/surefire-test-report-3.0.xsd" version="3.0" name="org.example.service.impl.ValidationOfEquationImplTest" time="2.489" tests="6" errors="0" skipped="0" failures="0">
  <properties>
[...]
</properties>
  <testcase name="checkBrackets_ok" classname="org.example.service.impl.ValidationOfEquationImplTest" time="0.054"/>
  <testcase name="checkSyntax_ok" classname="org.example.service.impl.ValidationOfEquationImplTest" time="0.003"/>
  <testcase name="checkRoot_notOk" classname="org.example.service.impl.ValidationOfEquationImplTest" time="2.199">
    <system-err><![CDATA[[To redirect Truffle log output to a file use one of the following options:
* '--log.file=<path>' if the option is passed using a guest language launcher.
* '-Dpolyglot.log.file=<path>' if the option is passed using the host Java launcher.
* Configure logging using the polyglot embedding API.]
[engine] WARNING: The polyglot context is using an implementation that does not support runtime compilation.
The guest application code will therefore be executed in interpreted mode only.
Execution only in interpreted mode will strongly impact the guest application performance.
For more information on using GraalVM see https://www.graalvm.org/java/quickstart/.
To disable this warning the '--engine.WarnInterpreterOnly=false' option or use the '-Dpolyglot.engine.WarnInterpreterOnly=false' system property.
[To redirect Truffle log output to a file use one of the following options:
* '--log.file=<path>' if the option is passed using a guest language launcher.
* '-Dpolyglot.log.file=<path>' if the option is passed using the host Java launcher.
* Configure logging using the polyglot embedding API.]
[engine] WARNING: The polyglot context is using an implementation that does not support runtime compilation.
The guest application code will therefore be executed in interpreted mode only.
Execution only in interpreted mode will strongly impact the guest application performance.
For more information on using GraalVM see https://www.graalvm.org/java/quickstart/.
To disable this warning the '--engine.WarnInterpreterOnly=false' option or use the '-Dpolyglot.engine.WarnInterpreterOnly=false' system property.
[To redirect Truffle log output to a file use one of the following options:
* '--log.file=<path>' if the option is passed using a guest language launcher.
* '-Dpolyglot.log.file=<path>' if the option is passed using the host Java launcher.
* Configure logging using the polyglot embedding API.]
[engine] WARNING: The polyglot context is using an implementation that does not support runtime compilation.
The guest application code will therefore be executed in interpreted mode only.
Execution only in interpreted mode will strongly impact the guest application performance.
For more information on using GraalVM see https://www.graalvm.org/java/quickstart/.
To disable this warning the '--engine.WarnInterpreterOnly=false' option or use the '-Dpolyglot.engine.WarnInterpreterOnly=false' system property.
[To redirect Truffle log output to a file use one of the following options:
* '--log.file=<path>' if the option is passed using a guest language launcher.
* '-Dpolyglot.log.file=<path>' if the option is passed using the host Java launcher.
* Configure logging using the polyglot embedding API.]
[engine] WARNING: The polyglot context is using an implementation that does not support runtime compilation.
The guest application code will therefore be executed in interpreted mode only.
Execution only in interpreted mode will strongly impact the guest application performance.
For more information on using GraalVM see https://www.graalvm.org/java/quickstart/.
To disable this warning the '--engine.WarnInterpreterOnly=false' option or use the '-Dpolyglot.engine.WarnInterpreterOnly=false' system property.
[To redirect Truffle log output to a file use one of the following options:
* '--log.file=<path>' if the option is passed using a guest language launcher.
* '-Dpolyglot.log.file=<path>' if the option is passed using the host Java launcher.
* Configure logging using the polyglot embedding API.]
[engine] WARNING: The polyglot context is using an implementation that does not support runtime compilation.
The guest application code will therefore be executed in interpreted mode only.
Execution only in interpreted mode will strongly impact the guest application performance.
For more information on using GraalVM see https://www.graalvm.org/java/quickstart/.
To disable this warning the '--engine.WarnInterpreterOnly=false' option or use the '-Dpolyglot.engine.WarnInterpreterOnly=false' system property.
]]></system-err>
  </testcase>
  <testcase name="checkBrackets_notOk" classname="org.example.service.impl.ValidationOfEquationImplTest" time="0.005"/>
  <testcase name="checkSyntax_notOk" classname="org.example.service.impl.ValidationOfEquationImplTest" time="0.002"/>
  <testcase name="checkRoot_ok" classname="org.example.service.impl.ValidationOfEquationImplTest" time="0.18">
    <system-err><![CDATA[[To redirect Truffle log output to a file use one of the following options:
* '--log.file=<path>' if the option is passed using a guest language launcher.
* '-Dpolyglot.log.file=<path>' if the option is passed using the host Java launcher.
* Configure logging using the polyglot embedding API.]
[engine] WARNING: The polyglot context is using an implementation that does not support runtime compilation.
The guest application code will therefore be executed in interpreted mode only.
Execution only in interpreted mode will strongly impact the guest application performance.
For more information on using GraalVM see https://www.graalvm.org/java/quickstart/.
To disable this warning the '--engine.WarnInterpreterOnly=false' option or use the '-Dpolyglot.engine.WarnInterpreterOnly=false' system property.
[To redirect Truffle log output to a file use one of the following options:
* '--log.file=<path>' if the option is passed using a guest language launcher.
* '-Dpolyglot.log.file=<path>' if the option is passed using the host Java launcher.
* Configure logging using the polyglot embedding API.]
[engine] WARNING: The polyglot context is using an implementation that does not support runtime compilation.
The guest application code will therefore be executed in interpreted mode only.
Execution only in interpreted mode will strongly impact the guest application performance.
For more information on using GraalVM see https://www.graalvm.org/java/quickstart/.
To disable this warning the '--engine.WarnInterpreterOnly=false' option or use the '-Dpolyglot.engine.WarnInterpreterOnly=false' system property.
[To redirect Truffle log output to a file use one of the following options:
* '--log.file=<path>' if the option is passed using a guest language launcher.
* '-Dpolyglot.log.file=<path>' if the option is passed using the host Java launcher.
* Configure logging using the polyglot embedding API.]
[engine] WARNING: The polyglot context is using an implementation that does not support runtime compilation.
The guest application code will therefore be executed in interpreted mode only.
Execution only in interpreted mode will strongly impact the guest application performance.
For more information on using GraalVM see https://www.graalvm.org/java/quickstart/.
To disable this warning the '--engine.WarnInterpreterOnly=false' option or use the '-Dpolyglot.engine.WarnInterpreterOnly=false' system property.
[To redirect Truffle log output to a file use one of the following options:
* '--log.file=<path>' if the option is passed using a guest language launcher.
* '-Dpolyglot.log.file=<path>' if the option is passed using the host Java launcher.
* Configure logging using the polyglot embedding API.]
[engine] WARNING: The polyglot context is using an implementation that does not support runtime compilation.
The guest application code will therefore be executed in interpreted mode only.
Execution only in interpreted mode will strongly impact the guest application performance.
For more information on using GraalVM see https://www.graalvm.org/java/quickstart/.
To disable this warning the '--engine.WarnInterpreterOnly=false' option or use the '-Dpolyglot.engine.WarnInterpreterOnly=false' system property.
[To redirect Truffle log output to a file use one of the following options:
* '--log.file=<path>' if the option is passed using a guest language launcher.
* '-Dpolyglot.log.file=<path>' if the option is passed using the host Java launcher.
* Configure logging using the polyglot embedding API.]
[engine] WARNING: The polyglot context is using an implementation that does not support runtime compilation.
The guest application code will therefore be executed in interpreted mode only.
Execution only in interpreted mode will strongly impact the guest application performance.
For more information on using GraalVM see https://www.graalvm.org/java/quickstart/.
To disable this warning the '--engine.WarnInterpreterOnly=false' option or use the '-Dpolyglot.engine.WarnInterpreterOnly=false' system property.
]]></system-err>
  </testcase>
</testsuite>